<?xml version="1.0" encoding="UTF-8"?>
<!-- Generated by org.testng.reporters.JUnitReportReporter -->
<testsuite hostname="LAPTOP-IJLND83U" failures="0" tests="1" name="requesApis.GetRequesApi" time="2.812" errors="0" timestamp="5 Sep 2022 05:35:42 GMT">
  <testcase classname="requesApis.GetRequesApi" name="GetReuesApi" time="2.812"/>
</testsuite> <!-- requesApis.GetRequesApi -->
