<?xml version="1.0" encoding="UTF-8"?>
<!-- Generated by org.testng.reporters.JUnitReportReporter -->
<testsuite hostname="LAPTOP-IJLND83U" failures="0" tests="1" name="requestchanning.PostAndDelete" time="2.332" errors="0" timestamp="5 Sep 2022 11:46:55 GMT">
  <testcase classname="requestchanning.PostAndDelete" name="postAndDelete" time="2.332"/>
</testsuite> <!-- requestchanning.PostAndDelete -->
