<?xml version="1.0" encoding="UTF-8"?>
<!-- Generated by org.testng.reporters.JUnitReportReporter -->
<testsuite hostname="LAPTOP-IJLND83U" failures="0" tests="1" name="crudWithBdd.DeletebddTest" time="1.456" errors="0" timestamp="2 Sep 2022 11:20:57 GMT">
  <testcase classname="crudWithBdd.DeletebddTest" name="ToDeleteProject" time="1.456"/>
</testsuite> <!-- crudWithBdd.DeletebddTest -->
