<?xml version="1.0" encoding="UTF-8"?>
<!-- Generated by org.testng.reporters.JUnitReportReporter -->
<testsuite hostname="LAPTOP-IJLND83U" failures="0" tests="1" name="crudWithBdd.ChangingProjectDetailsBdd" time="1.217" errors="0" timestamp="2 Sep 2022 10:49:24 GMT">
  <testcase classname="crudWithBdd.ChangingProjectDetailsBdd" name="UpdateOnProjects" time="1.217"/>
</testsuite> <!-- crudWithBdd.ChangingProjectDetailsBdd -->
