<?xml version="1.0" encoding="UTF-8"?>
<!-- Generated by org.testng.reporters.JUnitReportReporter -->
<testsuite hostname="LAPTOP-IJLND83U" failures="0" tests="1" name="differentWaysPost.Post3HashMap" time="2.284" errors="0" timestamp="3 Sep 2022 05:18:32 GMT">
  <testcase classname="differentWaysPost.Post3HashMap" name="PostUsingHashMap" time="2.284"/>
</testsuite> <!-- differentWaysPost.Post3HashMap -->
