<?xml version="1.0" encoding="UTF-8"?>
<!-- Generated by org.testng.reporters.JUnitReportReporter -->
<testsuite hostname="LAPTOP-IJLND83U" failures="0" tests="1" name="atontication.DigestivebasicAuth" time="1.392" errors="0" timestamp="6 Sep 2022 07:09:29 GMT">
  <testcase classname="atontication.DigestivebasicAuth" name="basicDigestiveAuth" time="1.392"/>
</testsuite> <!-- atontication.DigestivebasicAuth -->
