<?xml version="1.0" encoding="UTF-8"?>
<!-- Generated by org.testng.reporters.JUnitReportReporter -->
<testsuite hostname="LAPTOP-IJLND83U" failures="0" tests="1" name="frameWorkUsage.Post" time="2.221" errors="0" timestamp="2022-09-07T13:16:30 IST" skipped="0">
  <testcase classname="frameWorkUsage.Post" name="postrequest" time="2.221"/>
  <system-out/>
</testsuite> <!-- frameWorkUsage.Post -->
