<?xml version="1.0" encoding="UTF-8"?>
<!-- Generated by org.testng.reporters.JUnitReportReporter -->
<testsuite hostname="LAPTOP-IJLND83U" failures="0" tests="1" name="crudWithBdd.AddProjectTest" time="3.259" errors="0" timestamp="2 Sep 2022 10:27:25 GMT">
  <testcase classname="crudWithBdd.AddProjectTest" name="Create" time="3.259"/>
</testsuite> <!-- crudWithBdd.AddProjectTest -->
