<?xml version="1.0" encoding="UTF-8"?>
<!-- Generated by org.testng.reporters.JUnitReportReporter -->
<testsuite hostname="LAPTOP-IJLND83U" failures="0" tests="1" name="pathparam.Get" time="1.442" errors="0" timestamp="6 Sep 2022 06:35:20 GMT">
  <testcase classname="pathparam.Get" name="get" time="1.442"/>
</testsuite> <!-- pathparam.Get -->
