<?xml version="1.0" encoding="UTF-8"?>
<!-- Generated by org.testng.reporters.JUnitReportReporter -->
<testsuite hostname="LAPTOP-IJLND83U" failures="0" tests="1" name="atontication.PreemtivebasicAuth" time="1.409" errors="0" timestamp="6 Sep 2022 07:05:03 GMT">
  <testcase classname="atontication.PreemtivebasicAuth" name="preemtive" time="1.409"/>
</testsuite> <!-- atontication.PreemtivebasicAuth -->
