<?xml version="1.0" encoding="UTF-8"?>
<!-- Generated by org.testng.reporters.JUnitReportReporter -->
<testsuite hostname="LAPTOP-IJLND83U" failures="0" tests="1" name="requesApis.PutRequiresApi" time="3.710" errors="0" timestamp="5 Sep 2022 05:44:09 GMT">
  <testcase classname="requesApis.PutRequiresApi" name="PutReqiresApi" time="3.710"/>
</testsuite> <!-- requesApis.PutRequiresApi -->
