<?xml version="1.0" encoding="UTF-8"?>
<!-- Generated by org.testng.reporters.JUnitReportReporter -->
<testsuite hostname="LAPTOP-IJLND83U" failures="0" tests="1" name="requesApis.PostRequisApi" time="3.645" errors="0" timestamp="5 Sep 2022 05:28:43 GMT">
  <testcase classname="requesApis.PostRequisApi" name="postRequesApI" time="3.645"/>
</testsuite> <!-- requesApis.PostRequisApi -->
