<?xml version="1.0" encoding="UTF-8"?>
<!-- Generated by org.testng.reporters.JUnitReportReporter -->
<testsuite hostname="LAPTOP-IJLND83U" failures="0" tests="1" name="atontication.BarearToken" time="2.100" errors="0" timestamp="6 Sep 2022 07:28:54 GMT">
  <testcase classname="atontication.BarearToken" name="github" time="2.100"/>
</testsuite> <!-- atontication.BarearToken -->
