<?xml version="1.0" encoding="UTF-8"?>
<!-- Generated by org.testng.reporters.JUnitReportReporter -->
<testsuite hostname="LAPTOP-IJLND83U" failures="0" tests="1" name="requesApis.DeleteRequesApi" time="3.132" errors="0" timestamp="5 Sep 2022 05:49:55 GMT">
  <testcase classname="requesApis.DeleteRequesApi" name="DeleteRequesApi" time="3.132"/>
</testsuite> <!-- requesApis.DeleteRequesApi -->
