<?xml version="1.0" encoding="UTF-8"?>
<!-- Generated by org.testng.reporters.JUnitReportReporter -->
<testsuite hostname="LAPTOP-IJLND83U" failures="0" tests="4" name="dataDrivenTesting.postDataDriven" time="1.884" errors="0" timestamp="5 Sep 2022 04:52:52 GMT">
  <testcase classname="dataDrivenTesting.postDataDriven" name="create" time="0.046"/>
  <testcase classname="dataDrivenTesting.postDataDriven" name="create" time="0.030"/>
  <testcase classname="dataDrivenTesting.postDataDriven" name="create" time="1.779"/>
  <testcase classname="dataDrivenTesting.postDataDriven" name="create" time="0.029"/>
</testsuite> <!-- dataDrivenTesting.postDataDriven -->
