<?xml version="1.0" encoding="UTF-8"?>
<!-- Generated by org.testng.reporters.JUnitReportReporter -->
<testsuite hostname="LAPTOP-IJLND83U" failures="0" tests="1" name="crudWithBdd.GetAllProjectsBDD" time="1.356" errors="0" timestamp="2 Sep 2022 10:33:46 GMT">
  <testcase classname="crudWithBdd.GetAllProjectsBDD" name="TogetAllProjects" time="1.356"/>
</testsuite> <!-- crudWithBdd.GetAllProjectsBDD -->
