<?xml version="1.0" encoding="UTF-8"?>
<!-- Generated by org.testng.reporters.JUnitReportReporter -->
<testsuite hostname="LAPTOP-IJLND83U" failures="0" tests="1" name="requestchanning.GetAndDelete" time="2.685" errors="0" timestamp="5 Sep 2022 11:31:03 GMT">
  <testcase classname="requestchanning.GetAndDelete" name="getAndDelete" time="2.685"/>
</testsuite> <!-- requestchanning.GetAndDelete -->
