<?xml version="1.0" encoding="UTF-8"?>
<!-- Generated by org.testng.reporters.JUnitReportReporter -->
<testsuite hostname="LAPTOP-IJLND83U" failures="0" tests="1" name="differentWaysPost.Post1Test" time="2.002" errors="0" timestamp="2 Sep 2022 11:43:34 GMT">
  <testcase classname="differentWaysPost.Post1Test" name="addProjectsToPojoClass" time="2.002"/>
</testsuite> <!-- differentWaysPost.Post1Test -->
