<?xml version="1.0" encoding="UTF-8"?>
<!-- Generated by org.testng.reporters.JUnitReportReporter -->
<testsuite hostname="LAPTOP-IJLND83U" failures="0" tests="1" name="requestchanning.Requestchaining" time="2.441" errors="0" timestamp="5 Sep 2022 11:33:18 GMT">
  <testcase classname="requestchanning.Requestchaining" name="postAndGet" time="2.441"/>
</testsuite> <!-- requestchanning.Requestchaining -->
