<?xml version="1.0" encoding="UTF-8"?>
<!-- Generated by org.testng.reporters.JUnitReportReporter -->
<testsuite hostname="LAPTOP-IJLND83U" failures="0" tests="1" name="atontication.BasicAuth" time="1.563" errors="0" timestamp="6 Sep 2022 06:51:06 GMT">
  <testcase classname="atontication.BasicAuth" name="basicAuth" time="1.563"/>
</testsuite> <!-- atontication.BasicAuth -->
