<?xml version="1.0" encoding="UTF-8"?>
<!-- Generated by org.testng.reporters.JUnitReportReporter -->
<testsuite hostname="LAPTOP-IJLND83U" failures="0" tests="1" name="queryparam.list" time="1.840" errors="0" timestamp="6 Sep 2022 09:02:53 GMT">
  <testcase classname="queryparam.list" name="reques" time="1.840"/>
</testsuite> <!-- queryparam.list -->
