<?xml version="1.0" encoding="UTF-8"?>
<!-- Generated by org.testng.reporters.JUnitReportReporter -->
<testsuite hostname="LAPTOP-IJLND83U" failures="0" tests="1" name="validation.DynamicValidation" time="2.026" errors="0" timestamp="5 Sep 2022 07:41:54 GMT">
  <testcase classname="validation.DynamicValidation" name="dynamicValidation" time="2.026"/>
</testsuite> <!-- validation.DynamicValidation -->
