<?xml version="1.0" encoding="UTF-8"?>
<!-- Generated by org.testng.reporters.JUnitReportReporter -->
<testsuite hostname="LAPTOP-IJLND83U" failures="0" tests="1" name="requestchanning.PostAndPut" time="2.626" errors="0" timestamp="5 Sep 2022 12:12:45 GMT">
  <testcase classname="requestchanning.PostAndPut" name="postAndPut" time="2.626"/>
</testsuite> <!-- requestchanning.PostAndPut -->
