<?xml version="1.0" encoding="UTF-8"?>
<!-- Generated by org.testng.reporters.JUnitReportReporter -->
<testsuite hostname="LAPTOP-IJLND83U" failures="0" tests="1" name="atontication.Auth2_0one" time="3.241" errors="0" timestamp="6 Sep 2022 10:06:11 GMT">
  <testcase classname="atontication.Auth2_0one" name="Auth2_0one" time="3.241"/>
</testsuite> <!-- atontication.Auth2_0one -->
