<?xml version="1.0" encoding="UTF-8"?>
<!-- Generated by org.testng.reporters.JUnitReportReporter -->
<testsuite hostname="LAPTOP-IJLND83U" failures="0" tests="1" name="differentWaysPost.Post2Test" time="1.868" errors="0" timestamp="2 Sep 2022 11:52:48 GMT">
  <testcase classname="differentWaysPost.Post2Test" name="TocreateaPost" time="1.868"/>
</testsuite> <!-- differentWaysPost.Post2Test -->
