<?xml version="1.0" encoding="UTF-8"?>
<!-- Generated by org.testng.reporters.JUnitReportReporter -->
<testsuite hostname="LAPTOP-IJLND83U" failures="0" tests="1" name="atontication.Auth2_0" time="3.176" errors="0" timestamp="6 Sep 2022 09:47:42 GMT">
  <testcase classname="atontication.Auth2_0" name="auth2_0" time="3.176"/>
</testsuite> <!-- atontication.Auth2_0 -->
