<?xml version="1.0" encoding="UTF-8"?>
<!-- Generated by org.testng.reporters.JUnitReportReporter -->
<testsuite hostname="LAPTOP-IJLND83U" failures="0" tests="1" name="validation.StatValidation" time="2.002" errors="0" timestamp="5 Sep 2022 07:20:49 GMT">
  <testcase classname="validation.StatValidation" name="staticval" time="2.002"/>
</testsuite> <!-- validation.StatValidation -->
